0 info it worked if it ends with ok
1 verbose cli [ 'node', '/usr/local/bin/npm', 'install' ]
2 info using npm@1.4.28
3 info using node@v0.10.32
4 verbose readDependencies using package.json deps
5 verbose install where, deps [ '/Users/danielhusar/Dev/nodejs/slovakia-cities', [ 'mocha' ] ]
6 info preinstall slovakia-cities@0.0.0
7 verbose readDependencies using package.json deps
8 verbose cache add [ 'mocha@*', null ]
9 verbose cache add name=undefined spec="mocha@*" args=["mocha@*",null]
10 verbose parsed url { protocol: null,
10 verbose parsed url   slashes: null,
10 verbose parsed url   auth: null,
10 verbose parsed url   host: null,
10 verbose parsed url   port: null,
10 verbose parsed url   hostname: null,
10 verbose parsed url   hash: null,
10 verbose parsed url   search: null,
10 verbose parsed url   query: null,
10 verbose parsed url   pathname: 'mocha@*',
10 verbose parsed url   path: 'mocha@*',
10 verbose parsed url   href: 'mocha@*' }
11 verbose cache add name="mocha" spec="*" args=["mocha","*"]
12 verbose parsed url { protocol: null,
12 verbose parsed url   slashes: null,
12 verbose parsed url   auth: null,
12 verbose parsed url   host: null,
12 verbose parsed url   port: null,
12 verbose parsed url   hostname: null,
12 verbose parsed url   hash: null,
12 verbose parsed url   search: null,
12 verbose parsed url   query: null,
12 verbose parsed url   pathname: '*',
12 verbose parsed url   path: '*',
12 verbose parsed url   href: '*' }
13 verbose addNamed [ 'mocha', '*' ]
14 verbose addNamed [ null, '*' ]
15 silly lockFile 4d0fa87f-mocha mocha@*
16 verbose lock mocha@* /Users/danielhusar/.npm/4d0fa87f-mocha.lock
17 silly addNameRange { name: 'mocha', range: '*', hasData: false }
18 verbose request where is /mocha
19 verbose request registry https://registry.npmjs.org/
20 verbose request id 7dbfa5fd5598dbc5
21 verbose url raw /mocha
22 verbose url resolving [ 'https://registry.npmjs.org/', './mocha' ]
23 verbose url resolved https://registry.npmjs.org/mocha
24 verbose request where is https://registry.npmjs.org/mocha
25 info trying registry request attempt 1 at 23:47:38
26 verbose etag "4XVXF18I0ZZPNJSMQLOQBPDHM"
27 http GET https://registry.npmjs.org/mocha
28 http 200 https://registry.npmjs.org/mocha
29 silly registry.get cb [ 200,
29 silly registry.get   { date: 'Sun, 04 Jan 2015 23:47:38 GMT',
29 silly registry.get     server: 'CouchDB/1.5.0 (Erlang OTP/R16B03)',
29 silly registry.get     etag: '"4SMJ7ALL54ZFAVR3ERG2XVZNB"',
29 silly registry.get     'content-type': 'application/json',
29 silly registry.get     'cache-control': 'max-age=60',
29 silly registry.get     'content-length': '111420',
29 silly registry.get     'accept-ranges': 'bytes',
29 silly registry.get     via: '1.1 varnish',
29 silly registry.get     age: '0',
29 silly registry.get     'x-served-by': 'cache-lhr6326-LHR',
29 silly registry.get     'x-cache': 'HIT',
29 silly registry.get     'x-cache-hits': '1',
29 silly registry.get     'x-timer': 'S1420415258.790059,VS0,VE156',
29 silly registry.get     vary: 'Accept',
29 silly registry.get     'keep-alive': 'timeout=10, max=50',
29 silly registry.get     connection: 'Keep-Alive' } ]
30 silly addNameRange number 2 { name: 'mocha', range: '*', hasData: true }
31 silly addNameRange versions [ 'mocha',
31 silly addNameRange   [ '0.0.1-alpha1',
31 silly addNameRange     '0.0.1-alpha2',
31 silly addNameRange     '0.0.1-alpha3',
31 silly addNameRange     '0.0.1-alpha4',
31 silly addNameRange     '0.0.1-alpha5',
31 silly addNameRange     '0.0.1-alpha6',
31 silly addNameRange     '0.0.1',
31 silly addNameRange     '0.0.2',
31 silly addNameRange     '0.0.3',
31 silly addNameRange     '0.0.4',
31 silly addNameRange     '0.0.5',
31 silly addNameRange     '0.0.6',
31 silly addNameRange     '0.0.7',
31 silly addNameRange     '0.0.8',
31 silly addNameRange     '0.1.0',
31 silly addNameRange     '0.2.0',
31 silly addNameRange     '0.3.0',
31 silly addNameRange     '0.3.1',
31 silly addNameRange     '0.3.2',
31 silly addNameRange     '0.3.3',
31 silly addNameRange     '0.3.4',
31 silly addNameRange     '0.3.6',
31 silly addNameRange     '0.4.0',
31 silly addNameRange     '0.5.0',
31 silly addNameRange     '0.6.0',
31 silly addNameRange     '0.7.0',
31 silly addNameRange     '0.7.1',
31 silly addNameRange     '0.8.0',
31 silly addNameRange     '0.8.1',
31 silly addNameRange     '0.9.0',
31 silly addNameRange     '0.10.0',
31 silly addNameRange     '0.10.1',
31 silly addNameRange     '0.10.2',
31 silly addNameRange     '0.11.0',
31 silly addNameRange     '0.12.0',
31 silly addNameRange     '0.12.1',
31 silly addNameRange     '0.13.0',
31 silly addNameRange     '0.14.0',
31 silly addNameRange     '0.14.1',
31 silly addNameRange     '1.0.0',
31 silly addNameRange     '1.0.1',
31 silly addNameRange     '1.0.2',
31 silly addNameRange     '1.0.3',
31 silly addNameRange     '1.1.0',
31 silly addNameRange     '1.2.0',
31 silly addNameRange     '1.2.1',
31 silly addNameRange     '1.2.2',
31 silly addNameRange     '1.3.0',
31 silly addNameRange     '1.3.1',
31 silly addNameRange     '1.3.2',
31 silly addNameRange     '1.4.0',
31 silly addNameRange     '1.4.1',
31 silly addNameRange     '1.4.2',
31 silly addNameRange     '1.4.3',
31 silly addNameRange     '1.5.0',
31 silly addNameRange     '1.6.0',
31 silly addNameRange     '1.7.0',
31 silly addNameRange     '1.7.1',
31 silly addNameRange     '1.7.2',
31 silly addNameRange     '1.7.3',
31 silly addNameRange     '1.7.4',
31 silly addNameRange     '1.8.0',
31 silly addNameRange     '1.8.1',
31 silly addNameRange     '1.8.2',
31 silly addNameRange     '1.9.0',
31 silly addNameRange     '1.10.0',
31 silly addNameRange     '1.11.0',
31 silly addNameRange     '1.12.0',
31 silly addNameRange     '1.12.1',
31 silly addNameRange     '1.13.0',
31 silly addNameRange     '1.14.0',
31 silly addNameRange     '1.15.0',
31 silly addNameRange     '1.15.1',
31 silly addNameRange     '1.16.0',
31 silly addNameRange     '1.16.1',
31 silly addNameRange     '1.16.2',
31 silly addNameRange     '1.17.0',
31 silly addNameRange     '1.17.1',
31 silly addNameRange     '1.18.0',
31 silly addNameRange     '1.18.1',
31 silly addNameRange     '1.18.2',
31 silly addNameRange     '1.19.0',
31 silly addNameRange     '1.20.0',
31 silly addNameRange     '1.20.1',
31 silly addNameRange     '1.21.0',
31 silly addNameRange     '1.21.1',
31 silly addNameRange     '1.21.2',
31 silly addNameRange     '1.21.3',
31 silly addNameRange     '1.21.4',
31 silly addNameRange     '1.21.5',
31 silly addNameRange     '2.0.0',
31 silly addNameRange     '2.0.1',
31 silly addNameRange     '2.1.0' ] ]
32 verbose addNamed [ 'mocha', '2.1.0' ]
33 verbose addNamed [ '2.1.0', '2.1.0' ]
34 silly lockFile f9a4f261-mocha-2-1-0 mocha@2.1.0
35 verbose lock mocha@2.1.0 /Users/danielhusar/.npm/f9a4f261-mocha-2-1-0.lock
36 silly lockFile ff48524b--npmjs-org-mocha-mocha-2-1-0-tgz https://registry.npmjs.org/mocha/-/mocha-2.1.0.tgz
37 verbose lock https://registry.npmjs.org/mocha/-/mocha-2.1.0.tgz /Users/danielhusar/.npm/ff48524b--npmjs-org-mocha-mocha-2-1-0-tgz.lock
38 verbose addRemoteTarball [ 'https://registry.npmjs.org/mocha/-/mocha-2.1.0.tgz',
38 verbose addRemoteTarball   '77752fe592fb9092756827af46cd3eae1b83671c' ]
39 info retry fetch attempt 1 at 23:47:39
40 verbose fetch to= /var/folders/27/06lc7__10613vl3nmjk7hp9r0000gn/T/npm-30667-gkonkOn2/registry.npmjs.org/mocha/-/mocha-2.1.0.tgz
41 http GET https://registry.npmjs.org/mocha/-/mocha-2.1.0.tgz
42 http 200 https://registry.npmjs.org/mocha/-/mocha-2.1.0.tgz
43 silly lockFile ff48524b--npmjs-org-mocha-mocha-2-1-0-tgz https://registry.npmjs.org/mocha/-/mocha-2.1.0.tgz
44 silly lockFile ff48524b--npmjs-org-mocha-mocha-2-1-0-tgz https://registry.npmjs.org/mocha/-/mocha-2.1.0.tgz
45 silly lockFile f9a4f261-mocha-2-1-0 mocha@2.1.0
46 silly lockFile f9a4f261-mocha-2-1-0 mocha@2.1.0
47 silly lockFile 4d0fa87f-mocha mocha@*
48 silly lockFile 4d0fa87f-mocha mocha@*
49 error Error: EACCES, mkdir '/Users/danielhusar/.npm/mocha/2.1.0'
49 error  { [Error: EACCES, mkdir '/Users/danielhusar/.npm/mocha/2.1.0']
49 error   errno: 3,
49 error   code: 'EACCES',
49 error   path: '/Users/danielhusar/.npm/mocha/2.1.0',
49 error   parent: 'slovakia-cities' }
50 error Please try running this command again as root/Administrator.
51 error System Darwin 14.0.0
52 error command "node" "/usr/local/bin/npm" "install"
53 error cwd /Users/danielhusar/Dev/nodejs/slovakia-cities
54 error node -v v0.10.32
55 error npm -v 1.4.28
56 error path /Users/danielhusar/.npm/mocha/2.1.0
57 error code EACCES
58 error errno 3
59 error stack Error: EACCES, mkdir '/Users/danielhusar/.npm/mocha/2.1.0'
60 verbose exit [ 3, true ]
